[29-Jul-2024 11:56:30 UTC] PHP Fatal error:  Uncaught TypeError: call_user_func_array(): Argument #1 ($callback) must be a valid callback, function "montheme_register" not found or invalid function name in /Users/louisledoussal/Local Sites/montheme/app/public/wp-includes/class-wp-hook.php:324
Stack trace:
#0 /Users/louisledoussal/Local Sites/montheme/app/public/wp-includes/class-wp-hook.php(348): WP_Hook->apply_filters(NULL, Array)
#1 /Users/louisledoussal/Local Sites/montheme/app/public/wp-includes/plugin.php(517): WP_Hook->do_action(Array)
#2 /Users/louisledoussal/Local Sites/montheme/app/public/wp-settings.php(700): do_action('init')
#3 /Users/louisledoussal/Local Sites/montheme/app/public/wp-config.php(103): require_once('/Users/louisled...')
#4 /Users/louisledoussal/Local Sites/montheme/app/public/wp-load.php(50): require_once('/Users/louisled...')
#5 /Users/louisledoussal/Local Sites/montheme/app/public/wp-admin/admin-ajax.php(22): require_once('/Users/louisled...')
#6 {main}
  thrown in /Users/louisledoussal/Local Sites/montheme/app/public/wp-includes/class-wp-hook.php on line 324
[29-Jul-2024 12:00:54 UTC] PHP Parse error:  syntax error, unexpected identifier "Field", expecting "]" in /Users/louisledoussal/Local Sites/montheme/app/public/wp-content/themes/montheme/fields.php on line 20
[29-Jul-2024 12:00:54 UTC] PHP Warning:  Trying to access array offset on value of type bool in /Users/louisledoussal/Local Sites/montheme/app/public/wp-includes/class-wp-recovery-mode-email-service.php on line 367
[29-Jul-2024 12:00:54 UTC] PHP Warning:  Trying to access array offset on value of type bool in /Users/louisledoussal/Local Sites/montheme/app/public/wp-includes/class-wp-recovery-mode-email-service.php on line 368
[29-Jul-2024 12:00:54 UTC] PHP Parse error:  syntax error, unexpected identifier "Field", expecting "]" in /Users/louisledoussal/Local Sites/montheme/app/public/wp-content/themes/montheme/fields.php on line 20
[29-Jul-2024 13:00:52 UTC] PHP Parse error:  syntax error, unexpected token ";", expecting "]" in /Users/louisledoussal/Local Sites/montheme/app/public/wp-content/themes/montheme/fields.php on line 28
[29-Jul-2024 13:00:52 UTC] PHP Parse error:  syntax error, unexpected token ";", expecting "]" in /Users/louisledoussal/Local Sites/montheme/app/public/wp-content/themes/montheme/fields.php on line 28
[29-Jul-2024 13:02:18 UTC] PHP Parse error:  syntax error, unexpected token ";", expecting "]" in /Users/louisledoussal/Local Sites/montheme/app/public/wp-content/themes/montheme/fields.php on line 28
[29-Jul-2024 14:14:07 UTC] PHP Parse error:  syntax error, unexpected token "}" in /Users/louisledoussal/Local Sites/montheme/app/public/wp-content/themes/montheme/functions.php on line 17
[29-Jul-2024 14:14:07 UTC] PHP Parse error:  syntax error, unexpected token "}" in /Users/louisledoussal/Local Sites/montheme/app/public/wp-content/themes/montheme/functions.php on line 17
[29-Jul-2024 15:13:55 UTC] PHP Parse error:  syntax error, unexpected token "}" in /Users/louisledoussal/Local Sites/montheme/app/public/wp-content/themes/montheme/functions.php on line 18
[30-Jul-2024 15:53:36 UTC] PHP Warning:  Undefined variable $background_style in /Users/louisledoussal/Local Sites/montheme/app/public/wp-content/themes/montheme/single.php on line 8
[30-Jul-2024 20:42:25 UTC] PHP Warning:  Undefined variable $image_src2 in /Users/louisledoussal/Local Sites/montheme/app/public/wp-content/themes/montheme/single.php on line 91
[30-Jul-2024 20:42:25 UTC] PHP Warning:  Undefined variable $image_src2 in /Users/louisledoussal/Local Sites/montheme/app/public/wp-content/themes/montheme/single.php on line 91
[30-Jul-2024 20:42:25 UTC] PHP Warning:  Undefined variable $image_src2 in /Users/louisledoussal/Local Sites/montheme/app/public/wp-content/themes/montheme/single.php on line 91
[30-Jul-2024 20:42:26 UTC] PHP Warning:  Undefined variable $image_src2 in /Users/louisledoussal/Local Sites/montheme/app/public/wp-content/themes/montheme/single.php on line 91
[30-Jul-2024 20:42:26 UTC] PHP Warning:  Undefined variable $image_src2 in /Users/louisledoussal/Local Sites/montheme/app/public/wp-content/themes/montheme/single.php on line 91
[30-Jul-2024 20:42:26 UTC] PHP Warning:  Undefined variable $image_src2 in /Users/louisledoussal/Local Sites/montheme/app/public/wp-content/themes/montheme/single.php on line 91
[02-Aug-2024 10:57:25 UTC] PHP Parse error:  syntax error, unexpected token "}", expecting ";" in /Users/louisledoussal/Local Sites/montheme/app/public/wp-content/themes/montheme/functions.php on line 41
[02-Aug-2024 10:57:25 UTC] PHP Warning:  Trying to access array offset on value of type bool in /Users/louisledoussal/Local Sites/montheme/app/public/wp-includes/class-wp-recovery-mode-email-service.php on line 367
[02-Aug-2024 10:57:25 UTC] PHP Warning:  Trying to access array offset on value of type bool in /Users/louisledoussal/Local Sites/montheme/app/public/wp-includes/class-wp-recovery-mode-email-service.php on line 368
[02-Aug-2024 10:59:26 UTC] PHP Parse error:  syntax error, unexpected token "}", expecting ";" in /Users/louisledoussal/Local Sites/montheme/app/public/wp-content/themes/montheme/functions.php on line 41
[02-Aug-2024 13:34:40 UTC] PHP Warning:  Undefined array key "" in /Users/louisledoussal/Local Sites/montheme/app/public/wp-content/themes/montheme/single.php on line 121
[02-Aug-2024 13:34:40 UTC] PHP Warning:  Undefined array key "" in /Users/louisledoussal/Local Sites/montheme/app/public/wp-content/themes/montheme/single.php on line 121
[02-Aug-2024 13:34:40 UTC] PHP Warning:  Undefined array key "" in /Users/louisledoussal/Local Sites/montheme/app/public/wp-content/themes/montheme/single.php on line 121
[02-Aug-2024 13:34:40 UTC] PHP Warning:  Undefined array key "" in /Users/louisledoussal/Local Sites/montheme/app/public/wp-content/themes/montheme/single.php on line 121
[02-Aug-2024 13:36:49 UTC] PHP Parse error:  syntax error, unexpected token "<" in /Users/louisledoussal/Local Sites/montheme/app/public/wp-content/themes/montheme/single.php on line 118
[02-Aug-2024 13:36:50 UTC] PHP Parse error:  syntax error, unexpected token "<" in /Users/louisledoussal/Local Sites/montheme/app/public/wp-content/themes/montheme/single.php on line 118
[02-Aug-2024 13:36:51 UTC] PHP Parse error:  syntax error, unexpected token "<" in /Users/louisledoussal/Local Sites/montheme/app/public/wp-content/themes/montheme/single.php on line 118
[02-Aug-2024 13:37:15 UTC] PHP Warning:  Undefined array key "" in /Users/louisledoussal/Local Sites/montheme/app/public/wp-content/themes/montheme/single.php on line 121
[02-Aug-2024 13:37:15 UTC] PHP Warning:  Undefined array key "" in /Users/louisledoussal/Local Sites/montheme/app/public/wp-content/themes/montheme/single.php on line 121
[02-Aug-2024 13:37:15 UTC] PHP Warning:  Undefined array key "" in /Users/louisledoussal/Local Sites/montheme/app/public/wp-content/themes/montheme/single.php on line 121
[02-Aug-2024 13:37:15 UTC] PHP Warning:  Undefined array key "" in /Users/louisledoussal/Local Sites/montheme/app/public/wp-content/themes/montheme/single.php on line 121
[02-Aug-2024 13:37:53 UTC] PHP Warning:  Undefined array key "" in /Users/louisledoussal/Local Sites/montheme/app/public/wp-content/themes/montheme/single.php on line 121
[02-Aug-2024 13:37:53 UTC] PHP Warning:  Undefined array key "" in /Users/louisledoussal/Local Sites/montheme/app/public/wp-content/themes/montheme/single.php on line 121
[02-Aug-2024 13:37:53 UTC] PHP Warning:  Undefined array key "" in /Users/louisledoussal/Local Sites/montheme/app/public/wp-content/themes/montheme/single.php on line 121
[02-Aug-2024 13:37:53 UTC] PHP Warning:  Undefined array key "" in /Users/louisledoussal/Local Sites/montheme/app/public/wp-content/themes/montheme/single.php on line 121
[02-Aug-2024 13:42:02 UTC] PHP Warning:  Undefined array key "" in /Users/louisledoussal/Local Sites/montheme/app/public/wp-content/themes/montheme/single.php on line 122
[02-Aug-2024 13:42:02 UTC] PHP Warning:  Undefined array key "" in /Users/louisledoussal/Local Sites/montheme/app/public/wp-content/themes/montheme/single.php on line 122
[02-Aug-2024 13:42:02 UTC] PHP Warning:  Undefined array key "" in /Users/louisledoussal/Local Sites/montheme/app/public/wp-content/themes/montheme/single.php on line 122
[02-Aug-2024 13:42:02 UTC] PHP Warning:  Undefined array key "" in /Users/louisledoussal/Local Sites/montheme/app/public/wp-content/themes/montheme/single.php on line 122
[02-Aug-2024 13:42:03 UTC] PHP Warning:  Undefined array key "" in /Users/louisledoussal/Local Sites/montheme/app/public/wp-content/themes/montheme/single.php on line 122
[02-Aug-2024 13:42:03 UTC] PHP Warning:  Undefined array key "" in /Users/louisledoussal/Local Sites/montheme/app/public/wp-content/themes/montheme/single.php on line 122
[02-Aug-2024 13:42:03 UTC] PHP Warning:  Undefined array key "" in /Users/louisledoussal/Local Sites/montheme/app/public/wp-content/themes/montheme/single.php on line 122
[02-Aug-2024 13:42:03 UTC] PHP Warning:  Undefined array key "" in /Users/louisledoussal/Local Sites/montheme/app/public/wp-content/themes/montheme/single.php on line 122
[04-Aug-2024 16:48:45 UTC] PHP Parse error:  syntax error, unexpected token "endwhile", expecting "elseif" or "else" or "endif" in /Users/louisledoussal/Local Sites/montheme/app/public/wp-content/themes/montheme/single.php on line 200
[05-Aug-2024 10:04:50 UTC] Cron reschedule event error for hook: wp_privacy_delete_old_export_files, Error code: could_not_set, Error message: The cron event list could not be saved., Data: {"schedule":"hourly","args":[],"interval":3600}
