[29-Jul-2024 08:27:44] NOTICE: fpm is running, pid 38343
[29-Jul-2024 08:27:44] NOTICE: ready to handle connections
[31-Jul-2024 13:51:05] NOTICE: Terminating ...
[31-Jul-2024 13:51:05] NOTICE: Terminating ...
[31-Jul-2024 13:51:05] NOTICE: exiting, bye-bye!
[31-Jul-2024 19:50:34] NOTICE: fpm is running, pid 62365
[31-Jul-2024 19:50:34] NOTICE: ready to handle connections
[01-Aug-2024 12:40:26] NOTICE: Terminating ...
[01-Aug-2024 12:40:26] NOTICE: Terminating ...
[01-Aug-2024 12:40:26] NOTICE: exiting, bye-bye!
[01-Aug-2024 14:26:39] NOTICE: fpm is running, pid 73376
[01-Aug-2024 14:26:39] NOTICE: ready to handle connections
[01-Aug-2024 17:44:50] NOTICE: Terminating ...
[01-Aug-2024 17:44:50] NOTICE: Terminating ...
[01-Aug-2024 17:44:50] NOTICE: exiting, bye-bye!
[01-Aug-2024 21:37:26] NOTICE: fpm is running, pid 77653
[01-Aug-2024 21:37:26] NOTICE: ready to handle connections
[02-Aug-2024 17:04:49] NOTICE: Terminating ...
[02-Aug-2024 17:04:49] NOTICE: Terminating ...
[02-Aug-2024 17:04:49] NOTICE: exiting, bye-bye!
[03-Aug-2024 20:46:55] NOTICE: fpm is running, pid 89319
[03-Aug-2024 20:46:55] NOTICE: ready to handle connections
[05-Aug-2024 08:14:09] NOTICE: Terminating ...
[05-Aug-2024 08:14:09] NOTICE: Terminating ...
[05-Aug-2024 08:14:09] NOTICE: exiting, bye-bye!
[05-Aug-2024 12:04:48] NOTICE: fpm is running, pid 12746
[05-Aug-2024 12:04:48] NOTICE: ready to handle connections
